<?xml version="1.0" encoding="UTF-8"?>
<testsuite xmlns:xsi="http://www.w3.org/2001/XMLSchema-instance" xsi:noNamespaceSchemaLocation="https://maven.apache.org/surefire/maven-surefire-plugin/xsd/surefire-test-report-3.0.xsd" version="3.0" name="com.example.devops.DevopsApplicationTests" time="13.858" tests="1" errors="0" skipped="0" failures="0">
  <properties>
[...]
</properties>
  <testcase name="contextLoads" classname="com.example.devops.DevopsApplicationTests" time="0.236">
    <system-out><![CDATA[11:13:26.067 [main] DEBUG org.springframework.test.context.junit4.SpringJUnit4ClassRunner - SpringJUnit4ClassRunner constructor called with [class com.example.devops.DevopsApplicationTests]
11:13:26.083 [main] DEBUG org.springframework.test.context.BootstrapUtils - Instantiating CacheAwareContextLoaderDelegate from class [org.springframework.test.context.cache.DefaultCacheAwareContextLoaderDelegate]
11:13:26.118 [main] DEBUG org.springframework.test.context.BootstrapUtils - Instantiating BootstrapContext using constructor [public org.springframework.test.context.support.DefaultBootstrapContext(java.lang.Class,org.springframework.test.context.CacheAwareContextLoaderDelegate)]
11:13:26.180 [main] DEBUG org.springframework.test.context.BootstrapUtils - Instantiating TestContextBootstrapper for test class [com.example.devops.DevopsApplicationTests] from class [org.springframework.boot.test.context.SpringBootTestContextBootstrapper]
11:13:26.430 [main] INFO org.springframework.boot.test.context.SpringBootTestContextBootstrapper - Neither @ContextConfiguration nor @ContextHierarchy found for test class [com.example.devops.DevopsApplicationTests], using SpringBootContextLoader
11:13:26.463 [main] DEBUG org.springframework.test.context.support.AbstractContextLoader - Did not detect default resource location for test class [com.example.devops.DevopsApplicationTests]: class path resource [com/example/devops/DevopsApplicationTests-context.xml] does not exist
11:13:26.469 [main] DEBUG org.springframework.test.context.support.AbstractContextLoader - Did not detect default resource location for test class [com.example.devops.DevopsApplicationTests]: class path resource [com/example/devops/DevopsApplicationTestsContext.groovy] does not exist
11:13:26.469 [main] INFO org.springframework.test.context.support.AbstractContextLoader - Could not detect default resource locations for test class [com.example.devops.DevopsApplicationTests]: no resource found for suffixes {-context.xml, Context.groovy}.
11:13:26.471 [main] INFO org.springframework.test.context.support.AnnotationConfigContextLoaderUtils - Could not detect default configuration classes for test class [com.example.devops.DevopsApplicationTests]: DevopsApplicationTests does not declare any static, non-private, non-final, nested classes annotated with @Configuration.
11:13:26.855 [main] DEBUG org.springframework.test.context.support.ActiveProfilesUtils - Could not find an 'annotation declaring class' for annotation type [org.springframework.test.context.ActiveProfiles] and class [com.example.devops.DevopsApplicationTests]
11:13:26.893 [main] DEBUG org.springframework.core.env.StandardEnvironment - Adding [systemProperties] PropertySource with lowest search precedence
11:13:26.894 [main] DEBUG org.springframework.core.env.StandardEnvironment - Adding [systemEnvironment] PropertySource with lowest search precedence
11:13:26.895 [main] DEBUG org.springframework.core.env.StandardEnvironment - Initialized StandardEnvironment with PropertySources [systemProperties,systemEnvironment]
11:13:26.940 [main] DEBUG org.springframework.core.io.support.PathMatchingResourcePatternResolver - Resolved classpath location [com/example/devops/] to resources [URL [file:/app/target/test-classes/com/example/devops/], URL [file:/app/target/classes/com/example/devops/]]
11:13:26.940 [main] DEBUG org.springframework.core.io.support.PathMatchingResourcePatternResolver - Looking for matching resources in directory tree [/app/target/test-classes/com/example/devops]
11:13:26.945 [main] DEBUG org.springframework.core.io.support.PathMatchingResourcePatternResolver - Searching directory [/app/target/test-classes/com/example/devops] for files matching pattern [/app/target/test-classes/com/example/devops/*.class]
11:13:26.960 [main] DEBUG org.springframework.core.io.support.PathMatchingResourcePatternResolver - Looking for matching resources in directory tree [/app/target/classes/com/example/devops]
11:13:26.965 [main] DEBUG org.springframework.core.io.support.PathMatchingResourcePatternResolver - Searching directory [/app/target/classes/com/example/devops] for files matching pattern [/app/target/classes/com/example/devops/*.class]
11:13:26.978 [main] DEBUG org.springframework.core.io.support.PathMatchingResourcePatternResolver - Resolved location pattern [classpath*:com/example/devops/*.class] to resources [file [/app/target/test-classes/com/example/devops/DevopsApplicationTests.class], file [/app/target/classes/com/example/devops/DevopsApplication.class], file [/app/target/classes/com/example/devops/ServletInitializer.class]]
11:13:27.148 [main] DEBUG org.springframework.context.annotation.ClassPathScanningCandidateComponentProvider - Identified candidate component class: file [/app/target/classes/com/example/devops/DevopsApplication.class]
11:13:27.166 [main] INFO org.springframework.boot.test.context.SpringBootTestContextBootstrapper - Found @SpringBootConfiguration com.example.devops.DevopsApplication for test class com.example.devops.DevopsApplicationTests
11:13:27.181 [main] DEBUG org.springframework.boot.test.context.SpringBootTestContextBootstrapper - @TestExecutionListeners is not present for class [com.example.devops.DevopsApplicationTests]: using defaults.
11:13:27.190 [main] INFO org.springframework.boot.test.context.SpringBootTestContextBootstrapper - Loaded default TestExecutionListener class names from location [META-INF/spring.factories]: [org.springframework.boot.test.mock.mockito.MockitoTestExecutionListener, org.springframework.boot.test.mock.mockito.ResetMocksTestExecutionListener, org.springframework.boot.test.autoconfigure.restdocs.RestDocsTestExecutionListener, org.springframework.boot.test.autoconfigure.web.client.MockRestServiceServerResetTestExecutionListener, org.springframework.boot.test.autoconfigure.web.servlet.MockMvcPrintOnlyOnFailureTestExecutionListener, org.springframework.boot.test.autoconfigure.web.servlet.WebDriverTestExecutionListener, org.springframework.test.context.web.ServletTestExecutionListener, org.springframework.test.context.support.DirtiesContextBeforeModesTestExecutionListener, org.springframework.test.context.support.DependencyInjectionTestExecutionListener, org.springframework.test.context.support.DirtiesContextTestExecutionListener, org.springframework.test.context.transaction.TransactionalTestExecutionListener, org.springframework.test.context.jdbc.SqlScriptsTestExecutionListener]
11:13:27.229 [main] INFO org.springframework.boot.test.context.SpringBootTestContextBootstrapper - Could not instantiate TestExecutionListener [org.springframework.test.context.transaction.TransactionalTestExecutionListener]. Specify custom listener classes or make the default listener classes (and their required dependencies) available. Offending class: [org/springframework/transaction/interceptor/TransactionAttributeSource]
11:13:27.242 [main] INFO org.springframework.boot.test.context.SpringBootTestContextBootstrapper - Could not instantiate TestExecutionListener [org.springframework.test.context.jdbc.SqlScriptsTestExecutionListener]. Specify custom listener classes or make the default listener classes (and their required dependencies) available. Offending class: [org/springframework/transaction/interceptor/TransactionAttribute]
11:13:27.243 [main] INFO org.springframework.boot.test.context.SpringBootTestContextBootstrapper - Using TestExecutionListeners: [org.springframework.test.context.web.ServletTestExecutionListener@61ffd148, org.springframework.test.context.support.DirtiesContextBeforeModesTestExecutionListener@58324c9f, org.springframework.boot.test.autoconfigure.SpringBootDependencyInjectionTestExecutionListener@5d7d8613, org.springframework.test.context.support.DirtiesContextTestExecutionListener@6eb089e6, org.springframework.boot.test.autoconfigure.restdocs.RestDocsTestExecutionListener@715a70e9, org.springframework.boot.test.autoconfigure.web.client.MockRestServiceServerResetTestExecutionListener@3bc69ce9, org.springframework.boot.test.mock.mockito.MockitoTestExecutionListener@abad89c, org.springframework.boot.test.mock.mockito.ResetMocksTestExecutionListener@602f8f94, org.springframework.boot.test.autoconfigure.web.servlet.WebDriverTestExecutionListener@42507640, org.springframework.boot.test.autoconfigure.web.servlet.MockMvcPrintOnlyOnFailureTestExecutionListener@4dfe8b37]
11:13:27.248 [main] DEBUG org.springframework.test.annotation.ProfileValueUtils - Retrieved @ProfileValueSourceConfiguration [null] for test class [com.example.devops.DevopsApplicationTests]
11:13:27.264 [main] DEBUG org.springframework.test.annotation.ProfileValueUtils - Retrieved ProfileValueSource type [class org.springframework.test.annotation.SystemProfileValueSource] for class [com.example.devops.DevopsApplicationTests]
11:13:27.267 [main] DEBUG org.springframework.test.annotation.ProfileValueUtils - Retrieved @ProfileValueSourceConfiguration [null] for test class [com.example.devops.DevopsApplicationTests]
11:13:27.267 [main] DEBUG org.springframework.test.annotation.ProfileValueUtils - Retrieved ProfileValueSource type [class org.springframework.test.annotation.SystemProfileValueSource] for class [com.example.devops.DevopsApplicationTests]
11:13:27.269 [main] DEBUG org.springframework.test.annotation.ProfileValueUtils - Retrieved @ProfileValueSourceConfiguration [null] for test class [com.example.devops.DevopsApplicationTests]
11:13:27.269 [main] DEBUG org.springframework.test.annotation.ProfileValueUtils - Retrieved ProfileValueSource type [class org.springframework.test.annotation.SystemProfileValueSource] for class [com.example.devops.DevopsApplicationTests]
11:13:27.284 [main] DEBUG org.springframework.test.context.support.AbstractDirtiesContextTestExecutionListener - Before test class: context [DefaultTestContext@18b6d3c1 testClass = DevopsApplicationTests, testInstance = [null], testMethod = [null], testException = [null], mergedContextConfiguration = [WebMergedContextConfiguration@422ab737 testClass = DevopsApplicationTests, locations = '{}', classes = '{class com.example.devops.DevopsApplication}', contextInitializerClasses = '[]', activeProfiles = '{}', propertySourceLocations = '{}', propertySourceProperties = '{org.springframework.boot.test.context.SpringBootTestContextBootstrapper=true}', contextCustomizers = set[org.springframework.boot.test.context.SpringBootTestContextCustomizer@7dff6d05, org.springframework.boot.test.context.filter.ExcludeFilterContextCustomizer@3bae64d0, org.springframework.boot.test.json.DuplicateJsonObjectContextCustomizerFactory$DuplicateJsonObjectContextCustomizer@173f73e7, org.springframework.boot.test.mock.mockito.MockitoContextCustomizer@0, org.springframework.boot.test.autoconfigure.properties.PropertyMappingContextCustomizer@0, org.springframework.boot.test.autoconfigure.web.servlet.WebDriverContextCustomizerFactory$Customizer@ca93621], resourceBasePath = 'src/main/webapp', contextLoader = 'org.springframework.boot.test.context.SpringBootContextLoader', parent = [null]]], class annotated with @DirtiesContext [false] with mode [null].
11:13:27.286 [main] DEBUG org.springframework.test.annotation.ProfileValueUtils - Retrieved @ProfileValueSourceConfiguration [null] for test class [com.example.devops.DevopsApplicationTests]
11:13:27.287 [main] DEBUG org.springframework.test.annotation.ProfileValueUtils - Retrieved ProfileValueSource type [class org.springframework.test.annotation.SystemProfileValueSource] for class [com.example.devops.DevopsApplicationTests]
11:13:27.564 [main] DEBUG org.springframework.core.env.StandardEnvironment - Adding [systemProperties] PropertySource with lowest search precedence
11:13:27.564 [main] DEBUG org.springframework.core.env.StandardEnvironment - Adding [systemEnvironment] PropertySource with lowest search precedence
11:13:27.565 [main] DEBUG org.springframework.core.env.StandardEnvironment - Initialized StandardEnvironment with PropertySources [systemProperties,systemEnvironment]
11:13:27.565 [main] DEBUG org.springframework.core.env.MutablePropertySources - Adding [inline] PropertySource with highest search precedence
11:13:27.589 [main] DEBUG org.springframework.test.context.support.TestPropertySourceUtils - Adding inlined properties to environment: {spring.jmx.enabled=false, org.springframework.boot.test.context.SpringBootTestContextBootstrapper=true, server.port=-1}
11:13:27.590 [main] DEBUG org.springframework.core.env.StandardEnvironment - Adding [Inlined Test Properties] PropertySource with highest search precedence

  .   ____          _            __ _ _
 /\\ / ___'_ __ _ _(_)_ __  __ _ \ \ \ \
( ( )\___ | '_ | '_| | '_ \/ _` | \ \ \ \
 \\/  ___)| |_)| | | | | || (_| |  ) ) ) )
  '  |____| .__|_| |_|_| |_\__, | / / / /
 =========|_|==============|___/=/_/_/_/
 :: Spring Boot ::        (v1.5.6.RELEASE)

2024-09-25 11:13:28.833 [INFO ] [main] c.e.d.DevopsApplicationTests - Starting DevopsApplicationTests on b6b35c7e4e28 with PID 88 (started by root in /app)
2024-09-25 11:13:28.837 [INFO ] [main] c.e.d.DevopsApplicationTests - No active profile set, falling back to default profiles: default
2024-09-25 11:13:30.277 [INFO ] [main] o.s.w.c.s.GenericWebApplicationContext - Refreshing org.springframework.web.context.support.GenericWebApplicationContext@2553dcc0: startup date [Wed Sep 25 11:13:30 UTC 2024]; root of context hierarchy
2024-09-25 11:13:36.684 [INFO ] [main] o.s.w.s.m.m.a.RequestMappingHandlerAdapter - Looking for @ControllerAdvice: org.springframework.web.context.support.GenericWebApplicationContext@2553dcc0: startup date [Wed Sep 25 11:13:30 UTC 2024]; root of context hierarchy
2024-09-25 11:13:37.017 [INFO ] [main] o.s.w.s.m.m.a.RequestMappingHandlerMapping - Mapped "{[/]}" onto public java.lang.String com.example.devops.web.WelcomeController.welcome(org.springframework.ui.Model)
2024-09-25 11:13:37.181 [INFO ] [main] o.s.w.s.h.SimpleUrlHandlerMapping - Mapped URL path [/webjars/**] onto handler of type [class org.springframework.web.servlet.resource.ResourceHttpRequestHandler]
2024-09-25 11:13:37.181 [INFO ] [main] o.s.w.s.h.SimpleUrlHandlerMapping - Mapped URL path [/**] onto handler of type [class org.springframework.web.servlet.resource.ResourceHttpRequestHandler]
2024-09-25 11:13:37.347 [INFO ] [main] o.s.w.s.h.SimpleUrlHandlerMapping - Mapped URL path [/**/favicon.ico] onto handler of type [class org.springframework.web.servlet.resource.ResourceHttpRequestHandler]
2024-09-25 11:13:39.002 [INFO ] [main] c.e.d.DevopsApplicationTests - Started DevopsApplicationTests in 11.374 seconds (JVM running for 14.617)
]]></system-out>
  </testcase>
</testsuite>