<?xml version="1.0" encoding="UTF-8"?>
<testsuite xmlns:xsi="http://www.w3.org/2001/XMLSchema-instance" xsi:noNamespaceSchemaLocation="https://maven.apache.org/surefire/maven-surefire-plugin/xsd/surefire-test-report-3.0.xsd" version="3.0" name="com.example.devops.web.WelcomeControllerTest" time="6.311" tests="1" errors="0" skipped="0" failures="0">
  <properties>
[...]
</properties>
  <testcase name="testWelcome" classname="com.example.devops.web.WelcomeControllerTest" time="1.488">
    <system-out><![CDATA[2024-09-25 11:13:39.351 [INFO ] [main] o.s.b.t.c.SpringBootTestContextBootstrapper - Neither @ContextConfiguration nor @ContextHierarchy found for test class [com.example.devops.web.WelcomeControllerTest], using SpringBootContextLoader
2024-09-25 11:13:39.385 [INFO ] [main] o.s.t.c.s.AbstractContextLoader - Could not detect default resource locations for test class [com.example.devops.web.WelcomeControllerTest]: no resource found for suffixes {-context.xml, Context.groovy}.
2024-09-25 11:13:39.385 [INFO ] [main] o.s.t.c.s.AnnotationConfigContextLoaderUtils - Could not detect default configuration classes for test class [com.example.devops.web.WelcomeControllerTest]: WelcomeControllerTest does not declare any static, non-private, non-final, nested classes annotated with @Configuration.
2024-09-25 11:13:39.623 [INFO ] [main] o.s.b.t.c.SpringBootTestContextBootstrapper - Found @SpringBootConfiguration com.example.devops.DevopsApplication for test class com.example.devops.web.WelcomeControllerTest
2024-09-25 11:13:39.632 [INFO ] [main] o.s.b.t.c.SpringBootTestContextBootstrapper - Loaded default TestExecutionListener class names from location [META-INF/spring.factories]: [org.springframework.boot.test.mock.mockito.MockitoTestExecutionListener, org.springframework.boot.test.mock.mockito.ResetMocksTestExecutionListener, org.springframework.boot.test.autoconfigure.restdocs.RestDocsTestExecutionListener, org.springframework.boot.test.autoconfigure.web.client.MockRestServiceServerResetTestExecutionListener, org.springframework.boot.test.autoconfigure.web.servlet.MockMvcPrintOnlyOnFailureTestExecutionListener, org.springframework.boot.test.autoconfigure.web.servlet.WebDriverTestExecutionListener, org.springframework.test.context.web.ServletTestExecutionListener, org.springframework.test.context.support.DirtiesContextBeforeModesTestExecutionListener, org.springframework.test.context.support.DependencyInjectionTestExecutionListener, org.springframework.test.context.support.DirtiesContextTestExecutionListener, org.springframework.test.context.transaction.TransactionalTestExecutionListener, org.springframework.test.context.jdbc.SqlScriptsTestExecutionListener]
2024-09-25 11:13:39.644 [INFO ] [main] o.s.b.t.c.SpringBootTestContextBootstrapper - Could not instantiate TestExecutionListener [org.springframework.test.context.transaction.TransactionalTestExecutionListener]. Specify custom listener classes or make the default listener classes (and their required dependencies) available. Offending class: [org/springframework/transaction/interceptor/TransactionAttributeSource]
2024-09-25 11:13:39.647 [INFO ] [main] o.s.b.t.c.SpringBootTestContextBootstrapper - Could not instantiate TestExecutionListener [org.springframework.test.context.jdbc.SqlScriptsTestExecutionListener]. Specify custom listener classes or make the default listener classes (and their required dependencies) available. Offending class: [org/springframework/transaction/interceptor/TransactionAttribute]
2024-09-25 11:13:39.647 [INFO ] [main] o.s.b.t.c.SpringBootTestContextBootstrapper - Using TestExecutionListeners: [org.springframework.test.context.web.ServletTestExecutionListener@551d933f, org.springframework.test.context.support.DirtiesContextBeforeModesTestExecutionListener@56c8c77e, org.springframework.boot.test.autoconfigure.SpringBootDependencyInjectionTestExecutionListener@4df0be5e, org.springframework.test.context.support.DirtiesContextTestExecutionListener@6ca260bf, org.springframework.boot.test.autoconfigure.restdocs.RestDocsTestExecutionListener@551f927f, org.springframework.boot.test.autoconfigure.web.client.MockRestServiceServerResetTestExecutionListener@45fc4c95, org.springframework.boot.test.mock.mockito.MockitoTestExecutionListener@db6183a, org.springframework.boot.test.mock.mockito.ResetMocksTestExecutionListener@72ee36ab, org.springframework.boot.test.autoconfigure.web.servlet.WebDriverTestExecutionListener@5b4bdee3, org.springframework.boot.test.autoconfigure.web.servlet.MockMvcPrintOnlyOnFailureTestExecutionListener@7cf4a9fb]

  .   ____          _            __ _ _
 /\\ / ___'_ __ _ _(_)_ __  __ _ \ \ \ \
( ( )\___ | '_ | '_| | '_ \/ _` | \ \ \ \
 \\/  ___)| |_)| | | | | || (_| |  ) ) ) )
  '  |____| .__|_| |_|_| |_\__, | / / / /
 =========|_|==============|___/=/_/_/_/
 :: Spring Boot ::        (v1.5.6.RELEASE)

2024-09-25 11:13:39.875 [INFO ] [main] c.e.d.w.WelcomeControllerTest - Starting WelcomeControllerTest on b6b35c7e4e28 with PID 88 (started by root in /app)
2024-09-25 11:13:39.875 [INFO ] [main] c.e.d.w.WelcomeControllerTest - No active profile set, falling back to default profiles: default
2024-09-25 11:13:39.880 [INFO ] [main] o.s.w.c.s.GenericWebApplicationContext - Refreshing org.springframework.web.context.support.GenericWebApplicationContext@797bcf4: startup date [Wed Sep 25 11:13:39 UTC 2024]; root of context hierarchy
2024-09-25 11:13:43.167 [INFO ] [main] o.s.w.s.m.m.a.RequestMappingHandlerAdapter - Looking for @ControllerAdvice: org.springframework.web.context.support.GenericWebApplicationContext@797bcf4: startup date [Wed Sep 25 11:13:39 UTC 2024]; root of context hierarchy
2024-09-25 11:13:43.242 [INFO ] [main] o.s.w.s.m.m.a.RequestMappingHandlerMapping - Mapped "{[/]}" onto public java.lang.String com.example.devops.web.WelcomeController.welcome(org.springframework.ui.Model)
2024-09-25 11:13:43.361 [INFO ] [main] o.s.w.s.h.SimpleUrlHandlerMapping - Mapped URL path [/webjars/**] onto handler of type [class org.springframework.web.servlet.resource.ResourceHttpRequestHandler]
2024-09-25 11:13:43.361 [INFO ] [main] o.s.w.s.h.SimpleUrlHandlerMapping - Mapped URL path [/**] onto handler of type [class org.springframework.web.servlet.resource.ResourceHttpRequestHandler]
2024-09-25 11:13:43.490 [INFO ] [main] o.s.w.s.h.SimpleUrlHandlerMapping - Mapped URL path [/**/favicon.ico] onto handler of type [class org.springframework.web.servlet.resource.ResourceHttpRequestHandler]
2024-09-25 11:13:44.181 [INFO ] [main] c.e.d.w.WelcomeControllerTest - Started WelcomeControllerTest in 4.522 seconds (JVM running for 19.795)
2024-09-25 11:13:44.299 [INFO ] [main] o.s.b.t.m.w.SpringBootMockServletContext - Initializing Spring FrameworkServlet ''
2024-09-25 11:13:44.299 [INFO ] [main] o.s.t.w.s.TestDispatcherServlet - FrameworkServlet '': initialization started
2024-09-25 11:13:44.404 [INFO ] [main] o.s.t.w.s.TestDispatcherServlet - FrameworkServlet '': initialization completed in 105 ms
2024-09-25 11:13:44.677 [INFO ] [main] c.e.d.w.WelcomeController - Processing index request
]]></system-out>
  </testcase>
</testsuite>